05-12 15:05:14 replicate_layout.action_replicate_layout 305:Plugin executed on: 'win32'
05-12 15:05:14 replicate_layout.action_replicate_layout 306:Plugin executed with python version: '2.7.18 (default, Apr 20 2020, 16:57:11)  [GCC 9.3.0 64 bit (AMD64)]'
05-12 15:05:14 replicate_layout.action_replicate_layout 307:KiCad build version: (5.1.10)-1
05-12 15:05:14 replicate_layout.action_replicate_layout 308:Replicate layout plugin version: 70 started
05-12 15:05:14 replicate_layout.action_replicate_layout 340:Preparing replicator with U13 as a reference
05-12 15:05:14 replicate_layout.replicatelayout 215:getting project hierarchy from schematics
05-12 15:05:14 replicate_layout.replicatelayout 217:Project hierarchy looks like:
{u'609C69BF': [u'sheet609C6966', u'C:\\Users\\Robin\\Desktop\\PEE50 - MPPT\\kicad\\PEE50_MPPT\\current_sense1.sch'], u'608BCBF7': [u'uC_MPPT', u'C:\\Users\\Robin\\Desktop\\PEE50 - MPPT\\kicad\\PEE50_MPPT\\uC.sch'], u'609F26BD': [u'sheet609F26BA', u'C:\\Users\\Robin\\Desktop\\PEE50 - MPPT\\kicad\\PEE50_MPPT\\MPPT.sch'], u'60946D09': [u'mux', u'C:\\Users\\Robin\\Desktop\\PEE50 - MPPT\\kicad\\PEE50_MPPT\\multiplexer.sch'], u'609C69A6': [u'sheet609C6964', u'C:\\Users\\Robin\\Desktop\\PEE50 - MPPT\\kicad\\PEE50_MPPT\\DC_DC.sch'], u'609F5798': [u'sheet609F5795', u'C:\\Users\\Robin\\Desktop\\PEE50 - MPPT\\kicad\\PEE50_MPPT\\MPPT.sch'], u'609F4759': [u'sheet609F4756', u'C:\\Users\\Robin\\Desktop\\PEE50 - MPPT\\kicad\\PEE50_MPPT\\MPPT.sch'], u'609C69AB': [u'sheet609C6965', u'C:\\Users\\Robin\\Desktop\\PEE50 - MPPT\\kicad\\PEE50_MPPT\\current_sense.sch'], u'609B465D': [u'Sheet609B465C', u'C:\\Users\\Robin\\Desktop\\PEE50 - MPPT\\kicad\\PEE50_MPPT\\MPPT.sch']}
05-12 15:05:14 replicate_layout.replicatelayout 225:getting a list of all footprints on board
05-12 15:05:14 replicate_layout.action_replicate_layout 367:source anchor footprint is u'U13'
Located on:[u'sheet609F26BA', u'sheet609C6964']
With filenames:[u'MPPT.sch', u'DC_DC.sch']
With sheet_id:[u'sheet609F26BA', u'sheet609C6964']
05-12 15:05:14 replicate_layout.action_replicate_layout 371:Corresponding footprints are 
[(u'U7', [u'Sheet609B465C', u'sheet609C6964']), (u'U25', [u'sheet609F5795', u'sheet609C6964']), (u'U13', [u'sheet609F26BA', u'sheet609C6964']), (u'U19', [u'sheet609F4756', u'sheet609C6964'])]
05-12 15:05:14 replicate_layout.action_replicate_layout 384:Showing dialog
05-12 15:05:14 replicate_layout.action_replicate_layout 388:Pcbnew position: wx.Point(-9, -9)
05-12 15:05:14 replicate_layout.action_replicate_layout 394:Display 0: wx.Rect(0, 0, 1920, 1080)
05-12 15:05:14 replicate_layout.action_replicate_layout 398:Toolbar position: wx.Point(1687, 126)
05-12 15:05:14 replicate_layout.action_replicate_layout 405:Dialog position: wx.Point(1374, 126)
05-12 15:05:17 replicate_layout.replicatelayout 249:construcing a list of sheets suitable for replication on level:u'sheet609F26BA', file:u'MPPT.sch'
05-12 15:05:17 replicate_layout.replicatelayout 256:Source sheet path up to the level:[u'sheet609F26BA']
05-12 15:05:17 replicate_layout.replicatelayout 260:Footprints on the sheets:
[u'U7', u'U25', u'U13', u'U19']
05-12 15:05:17 replicate_layout.replicatelayout 263:Footprints raw sheet ids:
[u'/609B465D/609C69A6/60887241', u'/609F5798/609C69A6/60887241', u'/609F26BD/609C69A6/60887241', u'/609F4759/609C69A6/60887241']
05-12 15:05:17 replicate_layout.replicatelayout 279:All sheets to replicate:
[[u'Sheet609B465C'], [u'sheet609F5795'], [u'sheet609F26BA'], [u'sheet609F4756']]
05-12 15:05:17 replicate_layout.replicatelayout 284:All sheets to replicate sorted:
[[u'Sheet609B465C'], [u'sheet609F26BA'], [u'sheet609F4756'], [u'sheet609F5795']]
05-12 15:05:17 replicate_layout.replicatelayout 290:All sheets to replicate sorted and without source sheet:
[[u'Sheet609B465C'], [u'sheet609F4756'], [u'sheet609F5795']]
05-12 15:05:27 replicate_layout.action_replicate_layout 252:User canceled the dialog
